<?xml version="1.0" encoding="UTF-8"?>
<testsuite name="com.example.controller.CourseControllerIntgTest" tests="1" skipped="0" failures="0" errors="0" timestamp="2024-05-06T21:09:41" hostname="Mds-MacBook-Pro" time="2.785">
  <properties/>
  <testcase name="retrieveAllCourses()" classname="com.example.controller.CourseControllerIntgTest" time="2.785"/>
  <system-out><![CDATA[23:09:30.062 [Test worker] INFO org.springframework.test.context.support.AnnotationConfigContextLoaderUtils -- Could not detect default configuration classes for test class [com.example.controller.CourseControllerIntgTest]: CourseControllerIntgTest does not declare any static, non-private, non-final, nested classes annotated with @Configuration.
23:09:30.924 [Test worker] INFO org.springframework.boot.test.context.SpringBootTestContextBootstrapper -- Found @SpringBootConfiguration com.example.CourseCatelogServiceApplication for test class com.example.controller.CourseControllerIntgTest

  .   ____          _            __ _ _
 /\\ / ___'_ __ _ _(_)_ __  __ _ \ \ \ \
( ( )\___ | '_ | '_| | '_ \/ _` | \ \ \ \
 \\/  ___)| |_)| | | | | || (_| |  ) ) ) )
  '  |____| .__|_| |_|_| |_\__, | / / / /
 =========|_|==============|___/=/_/_/_/
 :: Spring Boot ::                (v3.2.5)

2024-05-06T23:09:32.232+02:00  INFO 2113 --- [course-catalog-service] [    Test worker] c.e.controller.CourseControllerIntgTest  : Starting CourseControllerIntgTest using Java 17.0.9 with PID 2113 (started by moin in /Users/moin/projects/Kotlin/course-catalog-service)
2024-05-06T23:09:32.236+02:00  INFO 2113 --- [course-catalog-service] [    Test worker] c.e.controller.CourseControllerIntgTest  : The following 1 profile is active: "test"
2024-05-06T23:09:34.010+02:00  INFO 2113 --- [course-catalog-service] [    Test worker] .s.d.r.c.RepositoryConfigurationDelegate : Bootstrapping Spring Data JPA repositories in DEFAULT mode.
2024-05-06T23:09:34.247+02:00  INFO 2113 --- [course-catalog-service] [    Test worker] .s.d.r.c.RepositoryConfigurationDelegate : Finished Spring Data repository scanning in 226 ms. Found 1 JPA repository interface.
2024-05-06T23:09:35.658+02:00  INFO 2113 --- [course-catalog-service] [    Test worker] o.s.b.w.embedded.tomcat.TomcatWebServer  : Tomcat initialized with port 0 (http)
2024-05-06T23:09:35.675+02:00  INFO 2113 --- [course-catalog-service] [    Test worker] o.apache.catalina.core.StandardService   : Starting service [Tomcat]
2024-05-06T23:09:35.676+02:00  INFO 2113 --- [course-catalog-service] [    Test worker] o.apache.catalina.core.StandardEngine    : Starting Servlet engine: [Apache Tomcat/10.1.20]
2024-05-06T23:09:35.796+02:00  INFO 2113 --- [course-catalog-service] [    Test worker] o.a.c.c.C.[Tomcat].[localhost].[/]       : Initializing Spring embedded WebApplicationContext
2024-05-06T23:09:35.808+02:00  INFO 2113 --- [course-catalog-service] [    Test worker] w.s.c.ServletWebServerApplicationContext : Root WebApplicationContext: initialization completed in 3522 ms
2024-05-06T23:09:35.883+02:00  INFO 2113 --- [course-catalog-service] [    Test worker] com.zaxxer.hikari.HikariDataSource       : HikariPool-1 - Starting...
2024-05-06T23:09:36.149+02:00  INFO 2113 --- [course-catalog-service] [    Test worker] com.zaxxer.hikari.pool.HikariPool        : HikariPool-1 - Added connection conn0: url=jdbc:h2:mem:testdb user=SA
2024-05-06T23:09:36.163+02:00  INFO 2113 --- [course-catalog-service] [    Test worker] com.zaxxer.hikari.HikariDataSource       : HikariPool-1 - Start completed.
2024-05-06T23:09:36.231+02:00  INFO 2113 --- [course-catalog-service] [    Test worker] o.s.b.a.h2.H2ConsoleAutoConfiguration    : H2 console available at '/h2-console'. Database available at 'jdbc:h2:mem:testdb'
2024-05-06T23:09:36.595+02:00  INFO 2113 --- [course-catalog-service] [    Test worker] o.hibernate.jpa.internal.util.LogHelper  : HHH000204: Processing PersistenceUnitInfo [name: default]
2024-05-06T23:09:36.686+02:00  INFO 2113 --- [course-catalog-service] [    Test worker] org.hibernate.Version                    : HHH000412: Hibernate ORM core version 6.4.4.Final
2024-05-06T23:09:36.730+02:00  INFO 2113 --- [course-catalog-service] [    Test worker] o.h.c.internal.RegionFactoryInitiator    : HHH000026: Second-level cache disabled
2024-05-06T23:09:37.184+02:00  INFO 2113 --- [course-catalog-service] [    Test worker] o.s.o.j.p.SpringPersistenceUnitInfo      : No LoadTimeWeaver setup: ignoring JPA class transformer
2024-05-06T23:09:37.268+02:00  WARN 2113 --- [course-catalog-service] [    Test worker] org.hibernate.orm.deprecation            : HHH90000025: H2Dialect does not need to be specified explicitly using 'hibernate.dialect' (remove the property setting and it will be selected by default)
2024-05-06T23:09:38.775+02:00  INFO 2113 --- [course-catalog-service] [    Test worker] o.h.e.t.j.p.i.JtaPlatformInitiator       : HHH000489: No JTA platform available (set 'hibernate.transaction.jta.platform' to enable JTA platform integration)
Hibernate: drop table if exists courses cascade 
Hibernate: drop sequence if exists courses_seq
Hibernate: create sequence courses_seq start with 1 increment by 50
Hibernate: create table courses (id integer not null, category varchar(255), name varchar(255), primary key (id))
2024-05-06T23:09:38.849+02:00  INFO 2113 --- [course-catalog-service] [    Test worker] j.LocalContainerEntityManagerFactoryBean : Initialized JPA EntityManagerFactory for persistence unit 'default'
2024-05-06T23:09:39.799+02:00  WARN 2113 --- [course-catalog-service] [    Test worker] JpaBaseConfiguration$JpaWebConfiguration : spring.jpa.open-in-view is enabled by default. Therefore, database queries may be performed during view rendering. Explicitly configure spring.jpa.open-in-view to disable this warning
2024-05-06T23:09:40.735+02:00  INFO 2113 --- [course-catalog-service] [    Test worker] o.s.b.w.embedded.tomcat.TomcatWebServer  : Tomcat started on port 50515 (http) with context path ''
2024-05-06T23:09:40.762+02:00  INFO 2113 --- [course-catalog-service] [    Test worker] c.e.controller.CourseControllerIntgTest  : Started CourseControllerIntgTest in 9.281 seconds (process running for 13.235)
Hibernate: select c1_0.id,c1_0.category,c1_0.name from courses c1_0
Hibernate: select next value for courses_seq
Hibernate: select next value for courses_seq
Hibernate: insert into courses (category,name,id) values (?,?,?)
Hibernate: insert into courses (category,name,id) values (?,?,?)
Hibernate: insert into courses (category,name,id) values (?,?,?)
2024-05-06T23:09:43.543+02:00  INFO 2113 --- [course-catalog-service] [o-auto-1-exec-1] o.a.c.c.C.[Tomcat].[localhost].[/]       : Initializing Spring DispatcherServlet 'dispatcherServlet'
2024-05-06T23:09:43.545+02:00  INFO 2113 --- [course-catalog-service] [o-auto-1-exec-1] o.s.web.servlet.DispatcherServlet        : Initializing Servlet 'dispatcherServlet'
2024-05-06T23:09:43.555+02:00  INFO 2113 --- [course-catalog-service] [o-auto-1-exec-1] o.s.web.servlet.DispatcherServlet        : Completed initialization in 9 ms
Hibernate: select c1_0.id,c1_0.category,c1_0.name from courses c1_0
]]></system-out>
  <system-err><![CDATA[]]></system-err>
</testsuite>
