<?xml version="1.0" encoding="UTF-8"?>
<testsuite name="com.example.controller.CourseControllerIntgTest" tests="1" skipped="0" failures="0" errors="0" timestamp="2024-04-29T21:12:00" hostname="Mds-MacBook-Pro" time="2.86">
  <properties/>
  <testcase name="addCourse()" classname="com.example.controller.CourseControllerIntgTest" time="2.86"/>
  <system-out><![CDATA[23:11:46.518 [Test worker] INFO org.springframework.test.context.support.AnnotationConfigContextLoaderUtils -- Could not detect default configuration classes for test class [com.example.controller.CourseControllerIntgTest]: CourseControllerIntgTest does not declare any static, non-private, non-final, nested classes annotated with @Configuration.
23:11:47.469 [Test worker] INFO org.springframework.boot.test.context.SpringBootTestContextBootstrapper -- Found @SpringBootConfiguration com.example.CourseCatelogServiceApplication for test class com.example.controller.CourseControllerIntgTest

  .   ____          _            __ _ _
 /\\ / ___'_ __ _ _(_)_ __  __ _ \ \ \ \
( ( )\___ | '_ | '_| | '_ \/ _` | \ \ \ \
 \\/  ___)| |_)| | | | | || (_| |  ) ) ) )
  '  |____| .__|_| |_|_| |_\__, | / / / /
 =========|_|==============|___/=/_/_/_/
 :: Spring Boot ::                (v3.2.5)

2024-04-29T23:11:48.938+02:00  INFO 2842 --- [course-catalog-service] [    Test worker] c.e.controller.CourseControllerIntgTest  : Starting CourseControllerIntgTest using Java 17.0.9 with PID 2842 (started by moin in /Users/moin/projects/Kotlin/course-catalog-service)
2024-04-29T23:11:48.941+02:00  INFO 2842 --- [course-catalog-service] [    Test worker] c.e.controller.CourseControllerIntgTest  : The following 1 profile is active: "test"
2024-04-29T23:11:51.225+02:00  INFO 2842 --- [course-catalog-service] [    Test worker] .s.d.r.c.RepositoryConfigurationDelegate : Bootstrapping Spring Data JPA repositories in DEFAULT mode.
2024-04-29T23:11:51.539+02:00  INFO 2842 --- [course-catalog-service] [    Test worker] .s.d.r.c.RepositoryConfigurationDelegate : Finished Spring Data repository scanning in 303 ms. Found 1 JPA repository interface.
2024-04-29T23:11:53.494+02:00  INFO 2842 --- [course-catalog-service] [    Test worker] o.s.b.w.embedded.tomcat.TomcatWebServer  : Tomcat initialized with port 0 (http)
2024-04-29T23:11:53.512+02:00  INFO 2842 --- [course-catalog-service] [    Test worker] o.apache.catalina.core.StandardService   : Starting service [Tomcat]
2024-04-29T23:11:53.514+02:00  INFO 2842 --- [course-catalog-service] [    Test worker] o.apache.catalina.core.StandardEngine    : Starting Servlet engine: [Apache Tomcat/10.1.20]
2024-04-29T23:11:53.661+02:00  INFO 2842 --- [course-catalog-service] [    Test worker] o.a.c.c.C.[Tomcat].[localhost].[/]       : Initializing Spring embedded WebApplicationContext
2024-04-29T23:11:53.676+02:00  INFO 2842 --- [course-catalog-service] [    Test worker] w.s.c.ServletWebServerApplicationContext : Root WebApplicationContext: initialization completed in 4583 ms
2024-04-29T23:11:53.772+02:00  INFO 2842 --- [course-catalog-service] [    Test worker] com.zaxxer.hikari.HikariDataSource       : HikariPool-1 - Starting...
2024-04-29T23:11:54.064+02:00  INFO 2842 --- [course-catalog-service] [    Test worker] com.zaxxer.hikari.pool.HikariPool        : HikariPool-1 - Added connection conn0: url=jdbc:h2:mem:testdb user=SA
2024-04-29T23:11:54.073+02:00  INFO 2842 --- [course-catalog-service] [    Test worker] com.zaxxer.hikari.HikariDataSource       : HikariPool-1 - Start completed.
2024-04-29T23:11:54.154+02:00  INFO 2842 --- [course-catalog-service] [    Test worker] o.s.b.a.h2.H2ConsoleAutoConfiguration    : H2 console available at '/h2-console'. Database available at 'jdbc:h2:mem:testdb'
2024-04-29T23:11:54.523+02:00  INFO 2842 --- [course-catalog-service] [    Test worker] o.hibernate.jpa.internal.util.LogHelper  : HHH000204: Processing PersistenceUnitInfo [name: default]
2024-04-29T23:11:54.631+02:00  INFO 2842 --- [course-catalog-service] [    Test worker] org.hibernate.Version                    : HHH000412: Hibernate ORM core version 6.4.4.Final
2024-04-29T23:11:54.781+02:00  INFO 2842 --- [course-catalog-service] [    Test worker] o.h.c.internal.RegionFactoryInitiator    : HHH000026: Second-level cache disabled
2024-04-29T23:11:55.332+02:00  INFO 2842 --- [course-catalog-service] [    Test worker] o.s.o.j.p.SpringPersistenceUnitInfo      : No LoadTimeWeaver setup: ignoring JPA class transformer
2024-04-29T23:11:55.423+02:00  WARN 2842 --- [course-catalog-service] [    Test worker] org.hibernate.orm.deprecation            : HHH90000025: H2Dialect does not need to be specified explicitly using 'hibernate.dialect' (remove the property setting and it will be selected by default)
2024-04-29T23:11:56.782+02:00  INFO 2842 --- [course-catalog-service] [    Test worker] o.h.e.t.j.p.i.JtaPlatformInitiator       : HHH000489: No JTA platform available (set 'hibernate.transaction.jta.platform' to enable JTA platform integration)
Hibernate: drop table if exists courses cascade 
Hibernate: drop sequence if exists courses_seq
Hibernate: create sequence courses_seq start with 1 increment by 50
Hibernate: create table courses (id integer not null, category varchar(255), name varchar(255), primary key (id))
2024-04-29T23:11:56.919+02:00  INFO 2842 --- [course-catalog-service] [    Test worker] j.LocalContainerEntityManagerFactoryBean : Initialized JPA EntityManagerFactory for persistence unit 'default'
2024-04-29T23:11:57.905+02:00  WARN 2842 --- [course-catalog-service] [    Test worker] JpaBaseConfiguration$JpaWebConfiguration : spring.jpa.open-in-view is enabled by default. Therefore, database queries may be performed during view rendering. Explicitly configure spring.jpa.open-in-view to disable this warning
2024-04-29T23:11:59.141+02:00  INFO 2842 --- [course-catalog-service] [    Test worker] o.s.b.w.embedded.tomcat.TomcatWebServer  : Tomcat started on port 50945 (http) with context path ''
2024-04-29T23:11:59.189+02:00  INFO 2842 --- [course-catalog-service] [    Test worker] c.e.controller.CourseControllerIntgTest  : Started CourseControllerIntgTest in 11.077 seconds (process running for 14.941)
2024-04-29T23:12:02.298+02:00  INFO 2842 --- [course-catalog-service] [o-auto-1-exec-1] o.a.c.c.C.[Tomcat].[localhost].[/]       : Initializing Spring DispatcherServlet 'dispatcherServlet'
2024-04-29T23:12:02.299+02:00  INFO 2842 --- [course-catalog-service] [o-auto-1-exec-1] o.s.web.servlet.DispatcherServlet        : Initializing Servlet 'dispatcherServlet'
2024-04-29T23:12:02.308+02:00  INFO 2842 --- [course-catalog-service] [o-auto-1-exec-1] o.s.web.servlet.DispatcherServlet        : Completed initialization in 8 ms
Hibernate: select next value for courses_seq
Hibernate: insert into courses (category,name,id) values (?,?,?)
2024-04-29T23:12:02.760+02:00  INFO 2842 --- [course-catalog-service] [o-auto-1-exec-1] com.example.service.CourseService        : Saved Course is: Course(id=1, name=Build Restful APIs, category=Moin U Man)
Ki hocche ekhane: 1
]]></system-out>
  <system-err><![CDATA[]]></system-err>
</testsuite>
